2024-08-19 02:25:44,610 - INFO - 
Loading Olympics data...
2024-08-19 02:25:56,423 - INFO - Total Record Count:792
2024-08-19 02:25:56,424 - INFO - 
Loading Countries data....
2024-08-19 02:25:57,289 - INFO - Total Record Count:227
2024-08-19 02:25:57,422 - INFO - 
Joining Olympics and Countries data...
2024-08-19 02:26:00,547 - INFO - Total Record Count:227
2024-08-19 02:26:00,548 - INFO - 
Saving joined Olympics and Countries data to CSV and Parquet.
2024-08-19 02:26:03,539 - INFO - Joined Olympics and Countries data saved.
2024-08-19 02:26:03,539 - INFO - Pipeline executed in 18.93 seconds
2024-08-19 02:42:49,497 - INFO - 
Loading Olympics data...
2024-08-19 02:43:04,884 - INFO - Total Record Count:792
2024-08-19 02:43:04,886 - INFO - 
Loading Countries data....
2024-08-19 02:43:05,800 - INFO - Total Record Count:227
2024-08-19 02:43:06,443 - INFO - 
Joining Olympics and Countries data...
2024-08-19 02:43:13,590 - INFO - Total Record Count:227
2024-08-19 02:43:13,591 - INFO - 
Saving joined Olympics and Countries data to CSV and Parquet.
2024-08-19 02:43:17,052 - INFO - Joined Olympics and Countries data saved.
2024-08-19 02:43:17,052 - INFO - Pipeline executed in 27.56 seconds
